<?xml version="1.0" encoding="utf-8"?><testsuites name="pytest tests"><testsuite name="pytest" errors="0" failures="0" skipped="0" tests="8" time="4.002" timestamp="2026-07-16T05:37:36.197849+00:00" hostname="agent-env-839fa026-af17-4d88-b6e3-84e713f3a8d6"><testcase classname="backend.tests.test_imb_gateway.TestSettings" name="test_settings_public_returns_imb_config" time="0.141" /><testcase classname="backend.tests.test_imb_gateway.TestIMBCreateOrder" name="test_imb_create_order_success" time="1.555" /><testcase classname="backend.tests.test_imb_gateway.TestIMBCreateOrder" name="test_pending_transaction_created" time="0.104" /><testcase classname="backend.tests.test_imb_gateway.TestIMBCreateOrder" name="test_imb_create_requires_auth" time="0.142" /><testcase classname="backend.tests.test_imb_gateway.TestIMBCreateOrder" name="test_imb_create_min_deposit_enforced" time="0.107" /><testcase classname="backend.tests.test_imb_gateway.TestIMBStatus" name="test_status_check_returns_gateway_and_txn" time="0.974" /><testcase classname="backend.tests.test_imb_gateway.TestIMBStatus" name="test_status_requires_order_id" time="0.110" /><testcase classname="backend.tests.test_imb_gateway.TestHarufRegression" name="test_haruf_andar_credit" time="0.781" /></testsuite></testsuites>