<?xml version="1.0" encoding="utf-8"?><testsuites name="pytest tests"><testsuite name="pytest" errors="0" failures="0" skipped="0" tests="49" time="11.562" timestamp="2026-06-05T12:21:37.132049+00:00" hostname="agent-env-839fa026-af17-4d88-b6e3-84e713f3a8d6"><testcase classname="backend.tests.backend_test" name="test_health" time="0.136" /><testcase classname="backend.tests.backend_test.TestAuth" name="test_user_login" time="0.283" /><testcase classname="backend.tests.backend_test.TestAuth" name="test_user_login_invalid" time="0.273" /><testcase classname="backend.tests.backend_test.TestAuth" name="test_register_new_user" time="0.271" /><testcase classname="backend.tests.backend_test.TestAuth" name="test_register_duplicate" time="0.049" /><testcase classname="backend.tests.backend_test.TestAuth" name="test_auth_me" time="0.318" /><testcase classname="backend.tests.backend_test.TestAuth" name="test_admin_login" time="0.270" /><testcase classname="backend.tests.backend_test.TestAuth" name="test_admin_login_invalid" time="0.269" /><testcase classname="backend.tests.backend_test.TestPublic" name="test_list_games" time="0.048" /><testcase classname="backend.tests.backend_test.TestPublic" name="test_settings" time="0.054" /><testcase classname="backend.tests.backend_test.TestPublic" name="test_list_markets" time="0.050" /><testcase classname="backend.tests.backend_test.TestBidsWallet" name="test_passbook" time="0.055" /><testcase classname="backend.tests.backend_test.TestBidsWallet" name="test_bid_requires_auth" time="0.045" /><testcase classname="backend.tests.backend_test.TestBidsWallet" name="test_deposit_min_validation" time="0.048" /><testcase classname="backend.tests.backend_test.TestBidsWallet" name="test_deposit_create" time="0.047" /><testcase classname="backend.tests.backend_test.TestBidsWallet" name="test_withdraw_min_validation" time="0.047" /><testcase classname="backend.tests.backend_test.TestAdmin" name="test_dashboard" time="0.317" /><testcase classname="backend.tests.backend_test.TestAdmin" name="test_users_list" time="0.046" /><testcase classname="backend.tests.backend_test.TestAdmin" name="test_admin_bids_list" time="0.045" /><testcase classname="backend.tests.backend_test.TestAdmin" name="test_admin_markets_crud" time="0.147" /><testcase classname="backend.tests.backend_test.TestAdmin" name="test_admin_settings_update" time="0.048" /><testcase classname="backend.tests.backend_test.TestAdmin" name="test_wallet_adjust" time="0.148" /><testcase classname="backend.tests.backend_test.TestWinFlow" name="test_full_win_flow" time="0.407" /><testcase classname="backend.tests.test_phase2.TestSettingsNewFields" name="test_get_settings_has_new_keys" time="0.476" /><testcase classname="backend.tests.test_phase2.TestSettingsNewFields" name="test_admin_update_posters" time="0.092" /><testcase classname="backend.tests.test_phase2.TestWithdrawValidation" name="test_withdraw_upi_success" time="0.470" /><testcase classname="backend.tests.test_phase2.TestWithdrawValidation" name="test_withdraw_bank_requires_all_fields" time="0.286" /><testcase classname="backend.tests.test_phase2.TestWithdrawValidation" name="test_withdraw_bank_success" time="0.106" /><testcase classname="backend.tests.test_phase2.TestDateAwareResults" name="test_declare_writes_to_results_collection" time="0.148" /><testcase classname="backend.tests.test_phase2.TestDateAwareResults" name="test_reverse_result" time="0.340" /><testcase classname="backend.tests.test_phase2.TestAutoFetch" name="test_fetch_returns_501_when_url_empty" time="0.126" /><testcase classname="backend.tests.test_phase2.TestUserDetail" name="test_user_detail" time="0.389" /><testcase classname="backend.tests.test_phase3.TestLoginCompat" name="test_login_with_password" time="0.346" /><testcase classname="backend.tests.test_phase3.TestLoginCompat" name="test_login_with_legacy_mpin" time="0.275" /><testcase classname="backend.tests.test_phase3.TestLoginCompat" name="test_login_missing_credential" time="0.048" /><testcase classname="backend.tests.test_phase3.TestLoginCompat" name="test_register_with_password_only" time="0.321" /><testcase classname="backend.tests.test_phase3.TestJwtTtl" name="test_token_exp_is_about_one_year" time="0.274" /><testcase classname="backend.tests.test_phase3.TestForgotOtp" name="test_forgot_otp_demo_mode_returns_otp" time="0.605" /><testcase classname="backend.tests.test_phase3.TestForgotOtp" name="test_forgot_otp_unknown_mobile" time="0.048" /><testcase classname="backend.tests.test_phase3.TestForgotOtp" name="test_reset_password_flow" time="2.084" /><testcase classname="backend.tests.test_phase3.TestForgotOtp" name="test_reset_password_otp_cannot_be_reused" time="0.823" /><testcase classname="backend.tests.test_phase3.TestFileUpload" name="test_upload_and_fetch" time="0.102" /><testcase classname="backend.tests.test_phase3.TestFileUpload" name="test_upload_requires_admin" time="0.045" /><testcase classname="backend.tests.test_phase3.TestFileUpload" name="test_upload_empty_payload" time="0.047" /><testcase classname="backend.tests.test_phase3.TestFileUpload" name="test_fetch_unknown_file" time="0.049" /><testcase classname="backend.tests.test_phase3.TestUpiIntent" name="test_upi_intent_returns_url" time="0.327" /><testcase classname="backend.tests.test_phase3.TestUpiIntent" name="test_upi_intent_requires_auth" time="0.053" /><testcase classname="backend.tests.test_phase3.TestSmsSettings" name="test_settings_exposes_sms_and_country_code" time="0.049" /><testcase classname="backend.tests.test_phase3.TestSmsSettings" name="test_admin_can_update_sms_provider" time="0.109" /></testsuite></testsuites>