<?xml version="1.0" encoding="utf-8"?><testsuites name="pytest tests"><testsuite name="pytest" errors="0" failures="0" skipped="0" tests="32" time="5.410" timestamp="2026-06-05T11:38:17.802512+00:00" hostname="agent-env-839fa026-af17-4d88-b6e3-84e713f3a8d6"><testcase classname="backend.tests.backend_test" name="test_health" time="0.204" /><testcase classname="backend.tests.backend_test.TestAuth" name="test_user_login" time="0.272" /><testcase classname="backend.tests.backend_test.TestAuth" name="test_user_login_invalid" time="0.271" /><testcase classname="backend.tests.backend_test.TestAuth" name="test_register_new_user" time="0.272" /><testcase classname="backend.tests.backend_test.TestAuth" name="test_register_duplicate" time="0.057" /><testcase classname="backend.tests.backend_test.TestAuth" name="test_auth_me" time="0.321" /><testcase classname="backend.tests.backend_test.TestAuth" name="test_admin_login" time="0.274" /><testcase classname="backend.tests.backend_test.TestAuth" name="test_admin_login_invalid" time="0.269" /><testcase classname="backend.tests.backend_test.TestPublic" name="test_list_games" time="0.050" /><testcase classname="backend.tests.backend_test.TestPublic" name="test_settings" time="0.055" /><testcase classname="backend.tests.backend_test.TestPublic" name="test_list_markets" time="0.050" /><testcase classname="backend.tests.backend_test.TestBidsWallet" name="test_passbook" time="0.052" /><testcase classname="backend.tests.backend_test.TestBidsWallet" name="test_bid_requires_auth" time="0.046" /><testcase classname="backend.tests.backend_test.TestBidsWallet" name="test_deposit_min_validation" time="0.047" /><testcase classname="backend.tests.backend_test.TestBidsWallet" name="test_deposit_create" time="0.048" /><testcase classname="backend.tests.backend_test.TestBidsWallet" name="test_withdraw_min_validation" time="0.052" /><testcase classname="backend.tests.backend_test.TestAdmin" name="test_dashboard" time="0.318" /><testcase classname="backend.tests.backend_test.TestAdmin" name="test_users_list" time="0.048" /><testcase classname="backend.tests.backend_test.TestAdmin" name="test_admin_bids_list" time="0.047" /><testcase classname="backend.tests.backend_test.TestAdmin" name="test_admin_markets_crud" time="0.145" /><testcase classname="backend.tests.backend_test.TestAdmin" name="test_admin_settings_update" time="0.049" /><testcase classname="backend.tests.backend_test.TestAdmin" name="test_wallet_adjust" time="0.150" /><testcase classname="backend.tests.backend_test.TestWinFlow" name="test_full_win_flow" time="0.392" /><testcase classname="backend.tests.test_phase2.TestSettingsNewFields" name="test_get_settings_has_new_keys" time="0.438" /><testcase classname="backend.tests.test_phase2.TestSettingsNewFields" name="test_admin_update_posters" time="0.102" /><testcase classname="backend.tests.test_phase2.TestWithdrawValidation" name="test_withdraw_upi_success" time="0.487" /><testcase classname="backend.tests.test_phase2.TestWithdrawValidation" name="test_withdraw_bank_requires_all_fields" time="0.189" /><testcase classname="backend.tests.test_phase2.TestWithdrawValidation" name="test_withdraw_bank_success" time="0.095" /><testcase classname="backend.tests.test_phase2.TestDateAwareResults" name="test_declare_writes_to_results_collection" time="0.145" /><testcase classname="backend.tests.test_phase2.TestDateAwareResults" name="test_reverse_result" time="0.188" /><testcase classname="backend.tests.test_phase2.TestAutoFetch" name="test_fetch_returns_501_when_url_empty" time="0.097" /><testcase classname="backend.tests.test_phase2.TestUserDetail" name="test_user_detail" time="0.097" /></testsuite></testsuites>